2024-12-11 13:58:24 - [1.1] ConfigFile Test started
2024-12-11 13:58:24 - [1.1] ConfigFile Test result = 0 
2024-12-11 13:58:25 - [1.1] ConfigFile Test finished
2024-12-11 13:58:26 - [1.2] ConfigFile Move Test started
2024-12-11 13:58:26 - [1.2] ConfigFile Move Test result = 0 
2024-12-11 13:58:27 - [1.2] ConfigFile Move Test finished
2024-12-11 13:58:28 - [2.1] Ros2_ID Test started
2024-12-11 13:58:28 - [2.1] Ros2_ID Test Test result = 0 
2024-12-11 13:58:29 - [2.1] Ros2_ID Test finished
2024-12-11 14:01:56 - [2.2] Ros2_sros2 Test started
2024-12-11 14:01:56 - [2.2] Ros2_sros2 Test result = 0
2024-12-11 14:01:57 - [2.2] Ros2_sros2 Test finished
2024-12-11 14:01:58 - [3.1] Package_check Test started
2024-12-11 14:01:58 - [3.1] Package_check Test result = 0
2024-12-11 14:01:59 - [3.1] Package_check Test finished
2024-12-11 14:01:59 - [3.2] Package_Add Test started
2024-12-11 14:01:59 - [3.2] Package_Add Test result = 0
2024-12-11 14:02:00 - [3.2] Package_Add Test finished
2024-12-11 14:02:01 - [3.3] Package_copy Test started
2024-12-11 14:02:01 - [3.3] Package_copy Test result = 1
2024-12-11 14:02:02 - [3.3] Package_copy Test finished
2024-12-11 14:02:03 - [4.1] Node_sros2 Test started
2024-12-11 14:02:03 - [4.1] Node_sros2 Test result = 0
2024-12-11 14:02:04 - [4.1] Node_sros2 Test finished
2024-12-11 14:05:32 - [4.2] Ros2_sros2 Test started
2024-12-11 14:05:32 - [4.2] Ros2_sros2 Test result = 0
2024-12-11 14:05:33 - [4.2] Ros2_sros2 Test finished
2024-12-11 14:05:33 - [5.1] Individual_Information SROS2 Test started
2024-12-11 14:05:33 - [5.1] Individual_Information SROS2 Test result = 0
2024-12-11 14:05:34 - [5.1] Individual_Information SROS2 Test finished
2024-12-11 14:05:35 - [5.2] Configfile SROS2 Test started
2024-12-11 14:05:35 - [5.2] Configfile SROS2 Test result = 0
2024-12-11 14:05:36 - [5.2] Configfile SROS2 Test finished
2024-12-11 14:05:38 - [6.1] SROS2_Setting Test started
2024-12-11 14:05:38 - [6.1] SROS2_Setting Test result = 0
2024-12-11 14:05:39 - [6.1] SROS2_Setting Test finished
2024-12-11 14:05:39 - [6.2] SROS2_policy Test started
2024-12-11 14:05:39 - [6.2] SROS2_policy Test result = 0
2024-12-11 14:05:40 - [6.2] SROS2_policy Test finished
2024-12-11 14:09:07 - [7.1] Injection Test started
2024-12-11 14:09:07 - [7.1] Injection result = 0
2024-12-11 14:09:08 - [7.1] Injection Test finished
2024-12-11 14:09:09 - [8.1] File Move Test started
2024-12-11 14:09:09 - [8.1] File Move Test result = 0
2024-12-11 14:09:10 - [8.1] File Move Test finished
2024-12-11 14:09:10 - [9.1] Log_verification Test started
2024-12-11 14:09:10 - [9.1] Log_verification Test result = 0
2024-12-11 14:09:11 - [9.1] Log_verification Test finished
2024-12-11 14:09:12 - [9.2] Log_File_MV Test started
2024-12-11 14:09:12 - [9.2] Log_File_MV Test result = 0
2024-12-11 14:09:13 - [9.2] Log_File_MV Test finished
2024-12-11 14:09:13 - [11.1] SSHD_check Test started
2024-12-11 14:09:13 - [11.1] SSHD_check Test result = 0
2024-12-11 14:09:14 - [11.1] SSHD_check Test finished
2024-12-11 14:09:15 - [11.2] Firewall_check Test started
2024-12-11 14:09:15 - [11.2] Firewall_check Test result = 0
2024-12-11 14:09:16 - [11.2] Firewall_check Test finished
2024-12-11 14:09:16 - [11.3] ConfigFile_check Test started
2024-12-11 14:09:16 - [11.3] ConfigFile_check Test result = 0
2024-12-11 14:09:17 - [11.3] ConfigFile_check Test finished
2024-12-11 14:11:59 - [12.2] CAN_Pen Test started
2024-12-11 14:11:59 - [12.2] CAN_Pen Test result = 0
2024-12-11 14:11:59 - [12.2] CAN_Pen Test finished
